[ NORMAL  ]  ##   Please press ENTER to start the tournament.
[ NORMAL  ]  ##   Configuring random seed: 17
[ NORMAL  ]  ##   Configuring facilities quadSize: 0.04
[ NORMAL  ]  ##   Configuring facilities charging station density: 0.9
[ NORMAL  ]  ##   Configuring facilities charging station rateMin: 50
[ NORMAL  ]  ##   Configuring facilities charging station rateMax: 150
[ NORMAL  ]  ##   Configuring facilities shop density: 0.8
[ NORMAL  ]  ##   Configuring facilities shop minProd: 3
[ NORMAL  ]  ##   Configuring facilities shop maxProd: 10
[ NORMAL  ]  ##   Configuring facilities shop amountMin: 5
[ NORMAL  ]  ##   Configuring facilities shop amountMax: 20
[ NORMAL  ]  ##   Configuring facilities shop priceAddMin: 100
[ NORMAL  ]  ##   Configuring facilities shop priceAddMax: 150
[ NORMAL  ]  ##   Configuring facilities shop restockMin: 1
[ NORMAL  ]  ##   Configuring facilities shop restockMax: 5
[ NORMAL  ]  ##   Configuring facilities dump density: 0.6
[ NORMAL  ]  ##   Configuring facilities workshops density: 0.6
[ NORMAL  ]  ##   Configuring facilities storage density: 0.8
[ NORMAL  ]  ##   Configuring facilities storage capacityMin: 7500
[ NORMAL  ]  ##   Configuring facilities storage capacityMax: 15000
[ NORMAL  ]  ##   Configuring facilities resource node density: 0.7
[ NORMAL  ]  ##   Configuring facilities resource node gatherFrequencyMin: 4
[ NORMAL  ]  ##   Configuring facilities resource node gatherFrequencyMax: 8
[ NORMAL  ]  ##   Configuring items baseItemsMin: 5
[ NORMAL  ]  ##   Configuring items baseItemsMax: 7
[ NORMAL  ]  ##   Configuring items levelDecreaseMin: 1
[ NORMAL  ]  ##   Configuring items levelDecreaseMax: 2
[ NORMAL  ]  ##   Configuring items graphDepthMin: 3
[ NORMAL  ]  ##   Configuring items graphDepthMax: 4
[ NORMAL  ]  ##   Configuring items resourcesMin: 2
[ NORMAL  ]  ##   Configuring items resourcesMax: 4
[ NORMAL  ]  ##   Configuring items minVol: 10
[ NORMAL  ]  ##   Configuring items maxVol: 50
[ NORMAL  ]  ##   Configuring items valueMin: 10
[ NORMAL  ]  ##   Configuring items valueMax: 100
[ NORMAL  ]  ##   Configuring items minReq: 1
[ NORMAL  ]  ##   Configuring items maxReq: 3
[ NORMAL  ]  ##   Configuring items reqAmountMin: 1
[ NORMAL  ]  ##   Configuring items reqAmountMax: 3
[ NORMAL  ]  ##   Configuring items toolsMin: 3
[ NORMAL  ]  ##   Configuring items toolsMax: 10
[ NORMAL  ]  ##   Configuring items toolProbability: 0.5
[ NORMAL  ]  ##   Configuring jobs rate: 0.2
[ NORMAL  ]  ##   Configuring jobs auctionProbability: 0.4
[ NORMAL  ]  ##   Configuring jobs missionProbability: 0.1
[ NORMAL  ]  ##   Configuring jobs productTypesMin: 3
[ NORMAL  ]  ##   Configuring jobs productTypesMax: 5
[ NORMAL  ]  ##   Configuring jobs difficultyMin: 3
[ NORMAL  ]  ##   Configuring jobs difficultyMax: 12
[ NORMAL  ]  ##   Configuring jobs timeMin: 100
[ NORMAL  ]  ##   Configuring jobs timeMax: 400
[ NORMAL  ]  ##   Configuring jobs rewardAddMin: 50
[ NORMAL  ]  ##   Configuring jobs rewardAddMax: 100
[ NORMAL  ]  ##   Configuring jobs auctionTimeMin: 2
[ NORMAL  ]  ##   Configuring jobs auctionTimeMax: 10
[ NORMAL  ]  ##   Configuring jobs fineSub: 50
[ NORMAL  ]  ##   Configuring jobs fineAdd: 50
[ NORMAL  ]  ##   Configuring jobs maxRewardAdd: 50
[ NORMAL  ]  ##   Configuring jobs missionDifficultyMax: 6
[ NORMAL  ]  ##   Configuring simulation id: 2017-SampleSimulation
[ NORMAL  ]  ##   Configuring scenario map: paris
[ NORMAL  ]  ##   Configuring scenario seedCapital: 50000
[ NORMAL  ]  ##   Configuring scenario minLon: 2.26
[ NORMAL  ]  ##   Configuring scenario maxLon: 2.41
[ NORMAL  ]  ##   Configuring scenario minLat: 48.82
[ NORMAL  ]  ##   Configuring scenario maxLat: 48.9
[ NORMAL  ]  ##   Configuring scenario proximity: 5
[ NORMAL  ]  ##   Configuring scenario cellSize: 200.0
[ NORMAL  ]  ##   Configuring scenario centerLat: 48.8424
[ NORMAL  ]  ##   Configuring scenario centerLon: 2.3209
[ NORMAL  ]  ##   Configuring post_job limit: 10
[ NORMAL  ]  ##   Configuring random fail probability: 1
[ NORMAL  ]  ##   Configuring visibility range: 500
[ NORMAL  ]  ##   Configuring cost for goto: 10
[ NORMAL  ]  ##   Configuring recharge rate: 5
[ NORMAL  ]  ##   maxCapacity= 3000
[ NORMAL  ]  ##   Configuring items tools: tool0: volume=35 value=63 roles=[truck]
[ NORMAL  ]  ##   Configuring items tools: tool1: volume=47 value=38 roles=[drone]
[ NORMAL  ]  ##   Configuring items tools: tool2: volume=24 value=66 roles=[drone]
[ NORMAL  ]  ##   Configuring items tools: tool3: volume=17 value=97 roles=[car, truck]
[ NORMAL  ]  ##   Configuring items tools: tool4: volume=49 value=59 roles=[car]
[ NORMAL  ]  ##   Configuring items tools: tool5: volume=47 value=20 roles=[drone]
[ NORMAL  ]  ##   Configuring items tools: tool6: volume=41 value=23 roles=[motorcycle, car]
[ NORMAL  ]  ##   Configuring items tools: tool7: volume=37 value=32 roles=[truck, drone]
[ NORMAL  ]  ##   Configuring items: item graph level 0
[ NORMAL  ]  ##   Configuring items: item0 volume=11 value=15 assembleValue=0 items= tools=
[ NORMAL  ]  ##   Configuring items: item1 volume=50 value=10 assembleValue=0 items= tools=
[ NORMAL  ]  ##   Configuring items: item2 volume=19 value=88 assembleValue=0 items= tools=
[ NORMAL  ]  ##   Configuring items: item3 volume=12 value=18 assembleValue=0 items= tools=
[ NORMAL  ]  ##   Configuring items: item4 volume=24 value=43 assembleValue=0 items= tools=
[ NORMAL  ]  ##   Configuring items: item5 volume=18 value=74 assembleValue=0 items= tools=
[ NORMAL  ]  ##   Configuring items: item6 volume=43 value=17 assembleValue=0 items= tools=
[ NORMAL  ]  ##   Configuring items: item7 volume=42 value=91 assembleValue=0 items= tools=
[ NORMAL  ]  ##   Configuring items: item8 volume=24 value=45 assembleValue=0 items= tools=
[ NORMAL  ]  ##   Configuring items: item9 volume=22 value=71 assembleValue=0 items= tools=
[ NORMAL  ]  ##   Configuring items: item graph level 1
[ NORMAL  ]  ##   Configuring items: item10 volume=175 value=0 assembleValue=1 items=3x item7,1x item1 tools=
[ NORMAL  ]  ##   Configuring items: item11 volume=166 value=0 assembleValue=1 items=3x item7,3x item5,3x item6 tools=tool5,tool1
[ NORMAL  ]  ##   Configuring items: item12 volume=130 value=0 assembleValue=1 items=2x item8,2x item9,1x item6 tools=
[ NORMAL  ]  ##   Configuring items: item13 volume=26 value=0 assembleValue=1 items=1x item6 tools=tool7,tool6
[ NORMAL  ]  ##   Configuring items: item14 volume=98 value=0 assembleValue=1 items=3x item7,1x item1,1x item2 tools=
[ NORMAL  ]  ##   Configuring items: item graph level 2
[ NORMAL  ]  ##   Configuring items: item15 volume=337 value=0 assembleValue=3 items=2x item3,3x item6,2x item10 tools=tool7,tool0
[ NORMAL  ]  ##   Configuring items: item16 volume=228 value=0 assembleValue=3 items=2x item11 tools=tool0
[ NORMAL  ]  ##   Configuring items: item17 volume=247 value=0 assembleValue=3 items=2x item8,1x item9,2x item12 tools=
[ NORMAL  ]  ##   Configuring items: item18 volume=344 value=0 assembleValue=4 items=3x item7,2x item3,3x item10 tools=tool7,tool2
[ NORMAL  ]  ##   Configuring items: item graph level 3
[ NORMAL  ]  ##   Configuring items: item19 volume=846 value=0 assembleValue=10 items=3x item15 tools=tool4,tool1
[ NORMAL  ]  ##   Configuring items: item20 volume=277 value=0 assembleValue=8 items=3x item5,1x item18,3x item13 tools=tool3
[ NORMAL  ]  ##   Configuring items: item graph level 4
[ NORMAL  ]  ##   Configuring items: item21 volume=443 value=0 assembleValue=11 items=1x item19 tools=tool7
[ NORMAL  ]  ##   Configuring resource nodes: resourceNode0: item6 48.82313, 2.29381
[ NORMAL  ]  ##   Configuring resource nodes: resourceNode1: item7 48.85786, 2.32351
[ NORMAL  ]  ##   Configuring resource nodes: resourceNode2: item8 48.8732, 2.27253
[ NORMAL  ]  ##   Configuring resource nodes: resourceNode3: item9 48.87262, 2.30221
[ NORMAL  ]  ##   Configuring resource nodes: resourceNode4: item6 48.86073, 2.39379
[ NORMAL  ]  ##   Configuring facilities: chargingStation0: 48.84133, 2.312
[ NORMAL  ]  ##   Configuring facilities: chargingStation1: 48.85845, 2.35333
[ NORMAL  ]  ##   Configuring facilities: chargingStation2: 48.84592, 2.39797
[ NORMAL  ]  ##   Configuring facilities: chargingStation3: 48.89216, 2.27864
[ NORMAL  ]  ##   Configuring facilities: chargingStation4: 48.88618, 2.30702
[ NORMAL  ]  ##   Configuring facilities: chargingStation5: 48.87673, 2.35766
[ NORMAL  ]  ##   Configuring facilities: chargingStation6: 48.89842, 2.38496
[ NORMAL  ]  ##   Configuring facilities: shop0: 48.8246, 2.26544
[ NORMAL  ]  ##   Configuring facilities: shop1: 48.8217, 2.33207
[ NORMAL  ]  ##   Configuring facilities: shop2: 48.85888, 2.40388
[ NORMAL  ]  ##   Configuring facilities: shop3: 48.89462, 2.27279
[ NORMAL  ]  ##   Configuring facilities: shop4: 48.87905, 2.35863
[ NORMAL  ]  ##   Configuring facilities: shop5: 48.89307, 2.39993
[ NORMAL  ]  ##   Configuring facilities: dump0: 48.85057, 2.28894
[ NORMAL  ]  ##   Configuring facilities: dump1: 48.82157, 2.31869
[ NORMAL  ]  ##   Configuring facilities: dump2: 48.83986, 2.37492
[ NORMAL  ]  ##   Configuring facilities: dump3: 48.8551, 2.39435
[ NORMAL  ]  ##   Configuring facilities: dump4: 48.86147, 2.28397
[ NORMAL  ]  ##   Configuring facilities: dump5: 48.87919, 2.34787
[ NORMAL  ]  ##   Configuring facilities: dump6: 48.86493, 2.39773
[ NORMAL  ]  ##   Configuring facilities: workshop0: 48.832, 2.35192
[ NORMAL  ]  ##   Configuring facilities: workshop1: 48.89959, 2.29319
[ NORMAL  ]  ##   Configuring facilities: workshop2: 48.87217, 2.33881
[ NORMAL  ]  ##   Configuring facilities: storage0: 48.82613, 2.29945
[ NORMAL  ]  ##   Configuring facilities: storage1: 48.85385, 2.31766
[ NORMAL  ]  ##   Configuring facilities: storage2: 48.85158, 2.35005
[ NORMAL  ]  ##   Configuring facilities: storage3: 48.82793, 2.39063
[ NORMAL  ]  ##   Configuring facilities: storage4: 48.87098, 2.29828
[ NORMAL  ]  ##   Configuring facilities: storage5: 48.86241, 2.30996
[ NORMAL  ]  ##   Configuring facilities: storage6: 48.88924, 2.3752
[ NORMAL  ]  ##   Configuring facilities: storage7: 48.88909, 2.38148
[ NORMAL  ]  ##   Configuring facilities: resourceNode0: 48.82313, 2.29381
[ NORMAL  ]  ##   Configuring facilities: resourceNode1: 48.85786, 2.32351
[ NORMAL  ]  ##   Configuring facilities: resourceNode2: 48.8732, 2.27253
[ NORMAL  ]  ##   Configuring facilities: resourceNode3: 48.87262, 2.30221
[ NORMAL  ]  ##   Configuring facilities: resourceNode4: 48.86073, 2.39379
[ NORMAL  ]  ##   Simulation at step 0
[ NORMAL  ]  ##   No valid action available in time for agent agentC5.
[ NORMAL  ]  ##   No valid action available in time for agent agentB6.
[ NORMAL  ]  ##   No valid action available in time for agent agentA2.
[ NORMAL  ]  ##   No valid action available in time for agent agentA1.
[ NORMAL  ]  ##   No valid action available in time for agent agentB4.
[ NORMAL  ]  ##   No valid action available in time for agent agentC2.
[ NORMAL  ]  ##   No valid action available in time for agent agentC3.
[ NORMAL  ]  ##   No valid action available in time for agent agentB2.
[ NORMAL  ]  ##   No valid action available in time for agent agentB1.
[ NORMAL  ]  ##   No valid action available in time for agent agentB3.
[ NORMAL  ]  ##   No valid action available in time for agent agentC4.
[ NORMAL  ]  ##   No valid action available in time for agent agentA6.
[ NORMAL  ]  ##   No valid action available in time for agent agentC6.
[ NORMAL  ]  ##   No valid action available in time for agent agentA5.
[ NORMAL  ]  ##   No valid action available in time for agent agentA3.
[ NORMAL  ]  ##   No valid action available in time for agent agentC1.
[ NORMAL  ]  ##   No valid action available in time for agent agentB5.
[ NORMAL  ]  ##   No valid action available in time for agent agentA4.
[ CRITICAL  ]  ##   No action for agent agentB5 provided.
[ CRITICAL  ]  ##   No action for agent agentA4 provided.
[ NORMAL  ]  ##   Simulation at step 1
[ NORMAL  ]  ##   Configuring jobs: : 3x item14,2x item12 4200 2 327 storage5 loc(2.30996,48.86241) capacity(11103) class massim.scenario.city.data.Job
[ NORMAL  ]  ##   No valid action available in time for agent agentC1.
[ NORMAL  ]  ##   No valid action available in time for agent agentB3.
[ NORMAL  ]  ##   No valid action available in time for agent agentA2.
[ NORMAL  ]  ##   No valid action available in time for agent agentB4.
[ NORMAL  ]  ##   No valid action available in time for agent agentC5.
[ NORMAL  ]  ##   No valid action available in time for agent agentC4.
[ NORMAL  ]  ##   No valid action available in time for agent agentB1.
[ NORMAL  ]  ##   No valid action available in time for agent agentA3.
[ NORMAL  ]  ##   No valid action available in time for agent agentB6.
[ NORMAL  ]  ##   No valid action available in time for agent agentC6.
[ NORMAL  ]  ##   No valid action available in time for agent agentC3.
[ NORMAL  ]  ##   No valid action available in time for agent agentC2.
[ NORMAL  ]  ##   No valid action available in time for agent agentB2.
[ NORMAL  ]  ##   No valid action available in time for agent agentB5.
[ NORMAL  ]  ##   No valid action available in time for agent agentA4.
[ NORMAL  ]  ##   No valid action available in time for agent agentA6.
[ NORMAL  ]  ##   No valid action available in time for agent agentA1.
[ NORMAL  ]  ##   No valid action available in time for agent agentA5.
[ NORMAL  ]  ##   Simulation at step 2
[ NORMAL  ]  ##   No valid action available in time for agent agentB6.
[ NORMAL  ]  ##   No valid action available in time for agent agentB1.
[ NORMAL  ]  ##   No valid action available in time for agent agentA5.
[ NORMAL  ]  ##   No valid action available in time for agent agentB3.
[ NORMAL  ]  ##   No valid action available in time for agent agentA4.
[ NORMAL  ]  ##   No valid action available in time for agent agentB5.
[ NORMAL  ]  ##   No valid action available in time for agent agentC4.
[ NORMAL  ]  ##   No valid action available in time for agent agentA1.
[ NORMAL  ]  ##   No valid action available in time for agent agentC3.
[ NORMAL  ]  ##   No valid action available in time for agent agentA6.
[ NORMAL  ]  ##   No valid action available in time for agent agentB2.
[ NORMAL  ]  ##   No valid action available in time for agent agentC2.
[ NORMAL  ]  ##   No valid action available in time for agent agentC1.
[ NORMAL  ]  ##   No valid action available in time for agent agentB4.
[ NORMAL  ]  ##   No valid action available in time for agent agentA3.
[ NORMAL  ]  ##   No valid action available in time for agent agentC5.
[ NORMAL  ]  ##   No valid action available in time for agent agentA2.
[ NORMAL  ]  ##   No valid action available in time for agent agentC6.
[ NORMAL  ]  ##   Simulation at step 3
[ NORMAL  ]  ##   Configuring jobs: : 1x item11,1x item14 2007 4 358 storage4 loc(2.29828,48.87098) capacity(13821) class massim.scenario.city.data.Job
[ NORMAL  ]  ##   No valid action available in time for agent agentC1.
[ NORMAL  ]  ##   No valid action available in time for agent agentB3.
[ NORMAL  ]  ##   No valid action available in time for agent agentC4.
[ NORMAL  ]  ##   No valid action available in time for agent agentA2.
[ NORMAL  ]  ##   No valid action available in time for agent agentC5.
[ NORMAL  ]  ##   No valid action available in time for agent agentB4.
[ NORMAL  ]  ##   No valid action available in time for agent agentA3.
[ NORMAL  ]  ##   No valid action available in time for agent agentB1.
[ NORMAL  ]  ##   No valid action available in time for agent agentB2.
[ NORMAL  ]  ##   No valid action available in time for agent agentC3.
[ NORMAL  ]  ##   No valid action available in time for agent agentA1.
[ NORMAL  ]  ##   No valid action available in time for agent agentB5.
[ NORMAL  ]  ##   No valid action available in time for agent agentA5.
[ NORMAL  ]  ##   No valid action available in time for agent agentC2.
[ NORMAL  ]  ##   No valid action available in time for agent agentA4.
[ NORMAL  ]  ##   No valid action available in time for agent agentB6.
[ NORMAL  ]  ##   No valid action available in time for agent agentC6.
[ NORMAL  ]  ##   No valid action available in time for agent agentA6.
[ NORMAL  ]  ##   Simulation at step 4
[ NORMAL  ]  ##   No valid action available in time for agent agentA2.
[ NORMAL  ]  ##   No valid action available in time for agent agentB4.
[ NORMAL  ]  ##   No valid action available in time for agent agentC5.
[ NORMAL  ]  ##   No valid action available in time for agent agentB5.
[ NORMAL  ]  ##   No valid action available in time for agent agentC3.
[ NORMAL  ]  ##   No valid action available in time for agent agentB3.
[ NORMAL  ]  ##   No valid action available in time for agent agentC1.
[ NORMAL  ]  ##   No valid action available in time for agent agentA6.
[ NORMAL  ]  ##   No valid action available in time for agent agentC4.
[ NORMAL  ]  ##   No valid action available in time for agent agentB1.
[ NORMAL  ]  ##   No valid action available in time for agent agentC2.
[ NORMAL  ]  ##   No valid action available in time for agent agentA1.
[ NORMAL  ]  ##   No valid action available in time for agent agentA4.
[ NORMAL  ]  ##   No valid action available in time for agent agentB6.
[ NORMAL  ]  ##   No valid action available in time for agent agentA3.
[ NORMAL  ]  ##   No valid action available in time for agent agentB2.
[ NORMAL  ]  ##   No valid action available in time for agent agentA5.
[ NORMAL  ]  ##   No valid action available in time for agent agentC6.
[ NORMAL  ]  ##   Simulation at step 5
[ NORMAL  ]  ##   No valid action available in time for agent agentC1.
[ NORMAL  ]  ##   No valid action available in time for agent agentB3.
[ NORMAL  ]  ##   No valid action available in time for agent agentC4.
[ NORMAL  ]  ##   No valid action available in time for agent agentB4.
[ NORMAL  ]  ##   No valid action available in time for agent agentA2.
[ NORMAL  ]  ##   No valid action available in time for agent agentC5.
[ NORMAL  ]  ##   No valid action available in time for agent agentB1.
[ NORMAL  ]  ##   No valid action available in time for agent agentA3.
[ NORMAL  ]  ##   No valid action available in time for agent agentC2.
[ NORMAL  ]  ##   No valid action available in time for agent agentB2.
[ NORMAL  ]  ##   No valid action available in time for agent agentA1.
[ NORMAL  ]  ##   No valid action available in time for agent agentA6.
[ NORMAL  ]  ##   No valid action available in time for agent agentC3.
[ NORMAL  ]  ##   No valid action available in time for agent agentB5.
[ NORMAL  ]  ##   No valid action available in time for agent agentC6.
[ NORMAL  ]  ##   No valid action available in time for agent agentA4.
[ NORMAL  ]  ##   No valid action available in time for agent agentB6.
[ NORMAL  ]  ##   No valid action available in time for agent agentA5.
[ NORMAL  ]  ##   Simulation at step 6
