[ NORMAL  ]  ##   Please press ENTER to start the tournament.
[ NORMAL  ]  ##   Configuring random seed: 17
[ NORMAL  ]  ##   Configuring facilities quadSize: 0.04
[ NORMAL  ]  ##   Configuring facilities charging station density: 0.9
[ NORMAL  ]  ##   Configuring facilities charging station rateMin: 50
[ NORMAL  ]  ##   Configuring facilities charging station rateMax: 150
[ NORMAL  ]  ##   Configuring facilities shop density: 0.8
[ NORMAL  ]  ##   Configuring facilities shop minProd: 3
[ NORMAL  ]  ##   Configuring facilities shop maxProd: 10
[ NORMAL  ]  ##   Configuring facilities shop amountMin: 5
[ NORMAL  ]  ##   Configuring facilities shop amountMax: 20
[ NORMAL  ]  ##   Configuring facilities shop priceAddMin: 100
[ NORMAL  ]  ##   Configuring facilities shop priceAddMax: 150
[ NORMAL  ]  ##   Configuring facilities shop restockMin: 1
[ NORMAL  ]  ##   Configuring facilities shop restockMax: 5
[ NORMAL  ]  ##   Configuring facilities dump density: 0.6
[ NORMAL  ]  ##   Configuring facilities workshops density: 0.6
[ NORMAL  ]  ##   Configuring facilities storage density: 0.8
[ NORMAL  ]  ##   Configuring facilities storage capacityMin: 7500
[ NORMAL  ]  ##   Configuring facilities storage capacityMax: 15000
[ NORMAL  ]  ##   Configuring facilities resource node density: 0.7
[ NORMAL  ]  ##   Configuring facilities resource node gatherFrequencyMin: 4
[ NORMAL  ]  ##   Configuring facilities resource node gatherFrequencyMax: 8
[ NORMAL  ]  ##   Configuring items baseItemsMin: 5
[ NORMAL  ]  ##   Configuring items baseItemsMax: 7
[ NORMAL  ]  ##   Configuring items levelDecreaseMin: 1
[ NORMAL  ]  ##   Configuring items levelDecreaseMax: 2
[ NORMAL  ]  ##   Configuring items graphDepthMin: 3
[ NORMAL  ]  ##   Configuring items graphDepthMax: 4
[ NORMAL  ]  ##   Configuring items resourcesMin: 2
[ NORMAL  ]  ##   Configuring items resourcesMax: 4
[ NORMAL  ]  ##   Configuring items minVol: 10
[ NORMAL  ]  ##   Configuring items maxVol: 50
[ NORMAL  ]  ##   Configuring items valueMin: 10
[ NORMAL  ]  ##   Configuring items valueMax: 100
[ NORMAL  ]  ##   Configuring items minReq: 1
[ NORMAL  ]  ##   Configuring items maxReq: 3
[ NORMAL  ]  ##   Configuring items reqAmountMin: 1
[ NORMAL  ]  ##   Configuring items reqAmountMax: 3
[ NORMAL  ]  ##   Configuring items toolsMin: 3
[ NORMAL  ]  ##   Configuring items toolsMax: 10
[ NORMAL  ]  ##   Configuring items toolProbability: 0.5
[ NORMAL  ]  ##   Configuring jobs rate: 0.2
[ NORMAL  ]  ##   Configuring jobs auctionProbability: 0.4
[ NORMAL  ]  ##   Configuring jobs missionProbability: 0.1
[ NORMAL  ]  ##   Configuring jobs productTypesMin: 3
[ NORMAL  ]  ##   Configuring jobs productTypesMax: 5
[ NORMAL  ]  ##   Configuring jobs difficultyMin: 3
[ NORMAL  ]  ##   Configuring jobs difficultyMax: 12
[ NORMAL  ]  ##   Configuring jobs timeMin: 100
[ NORMAL  ]  ##   Configuring jobs timeMax: 400
[ NORMAL  ]  ##   Configuring jobs rewardAddMin: 50
[ NORMAL  ]  ##   Configuring jobs rewardAddMax: 100
[ NORMAL  ]  ##   Configuring jobs auctionTimeMin: 2
[ NORMAL  ]  ##   Configuring jobs auctionTimeMax: 10
[ NORMAL  ]  ##   Configuring jobs fineSub: 50
[ NORMAL  ]  ##   Configuring jobs fineAdd: 50
[ NORMAL  ]  ##   Configuring jobs maxRewardAdd: 50
[ NORMAL  ]  ##   Configuring jobs missionDifficultyMax: 6
[ NORMAL  ]  ##   Configuring simulation id: 2017-SampleSimulation
[ NORMAL  ]  ##   Configuring scenario map: paris
[ NORMAL  ]  ##   Configuring scenario seedCapital: 50000
[ NORMAL  ]  ##   Configuring scenario minLon: 2.26
[ NORMAL  ]  ##   Configuring scenario maxLon: 2.41
[ NORMAL  ]  ##   Configuring scenario minLat: 48.82
[ NORMAL  ]  ##   Configuring scenario maxLat: 48.9
[ NORMAL  ]  ##   Configuring scenario proximity: 5
[ NORMAL  ]  ##   Configuring scenario cellSize: 200.0
[ NORMAL  ]  ##   Configuring scenario centerLat: 48.8424
[ NORMAL  ]  ##   Configuring scenario centerLon: 2.3209
[ NORMAL  ]  ##   Configuring post_job limit: 10
[ NORMAL  ]  ##   Configuring random fail probability: 1
[ NORMAL  ]  ##   Configuring visibility range: 500
[ NORMAL  ]  ##   Configuring cost for goto: 10
[ NORMAL  ]  ##   Configuring recharge rate: 5
